INFO HTTP Request: GET https://pickleball.com/api/v2/results/getTeamLeaguesMatchupsShortOnDivision?teamLeagueId=2f129d1d-0202-4d55-8448-bfafc0872305&organizationId=f6f5296b-b9a6-4d25-a295-29f461de56d2&divisionId=604fc525-83ab-4548-8edd-e16d51aaa457&seasonId=d80c0098-1389-43aa-b41d-c1d9cd500a5a&districtId=aa57ecdf-9fa9-499b-ab4a-59a243f14358&date=2026-07-08&matchupGroupUuid=7c8e927f-13f3-4073-8871-4aaeb68d511b "HTTP/1.1 200 OK"
INFO HTTP Request: GET https://pickleball.com/api/v2/results/getResultsMatchupData?matchupId=a13efb98-1c68-462a-a655-2302f198b9b5 "HTTP/1.1 200 OK"
INFO HTTP Request: GET https://pickleball.com/api/v2/results/getResultsMatchupData?matchupId=bc2849fb-1ea6-44ee-a9d7-4f9e36719eaf "HTTP/1.1 200 OK"
INFO HTTP Request: GET https://pickleball.com/api/v2/results/getResultsMatchupData?matchupId=8debbbec-86ef-4dd6-bc25-c29330491f93 "HTTP/1.1 200 OK"
INFO HTTP Request: GET https://pickleball.com/api/v2/results/getResultsMatchupData?matchupId=0ae77685-5deb-4ed4-a718-e79aa7d95a60 "HTTP/1.1 200 OK"
INFO HTTP Request: GET https://pickleball.com/api/v2/results/getResultsMatchupData?matchupId=3b5221c5-8478-49c8-919e-6b79730afe13 "HTTP/1.1 200 OK"
INFO HTTP Request: GET https://pickleball.com/api/v2/results/getResultsMatchupData?matchupId=9335634b-575d-4bcb-bed0-8d415f4dd147 "HTTP/1.1 200 OK"
INFO HTTP Request: GET https://pickleball.com/api/v2/results/getResultsMatchupData?matchupId=a463894c-e5f3-47c6-b964-ff50d24b3f5d "HTTP/1.1 200 OK"
INFO HTTP Request: GET https://pickleball.com/api/v2/results/getResultsMatchupData?matchupId=adb5bdbd-60df-4c91-abe9-e4e15790b3a2 "HTTP/1.1 200 OK"
INFO MLP 2026-07-08 Edward Jones Mid-Season Tournament: 8 matchups
INFO HTTP Request: GET https://pickleball.com/api/v1/results/getTournamentsOnDate?date=2026-07-09 "HTTP/1.1 200 OK"
INFO HTTP Request: GET https://pickleball.com/api/v2/results/getTeamLeaguesResultsOnDate?date=2026-07-09 "HTTP/1.1 200 OK"
INFO HTTP Request: GET https://pickleball.com/api/v2/results/getTeamLeaguesMatchupsShortOnDivision?teamLeagueId=2f129d1d-0202-4d55-8448-bfafc0872305&organizationId=f6f5296b-b9a6-4d25-a295-29f461de56d2&divisionId=604fc525-83ab-4548-8edd-e16d51aaa457&seasonId=d80c0098-1389-43aa-b41d-c1d9cd500a5a&districtId=aa57ecdf-9fa9-499b-ab4a-59a243f14358&date=2026-07-09&matchupGroupUuid=7c8e927f-13f3-4073-8871-4aaeb68d511b "HTTP/1.1 200 OK"
INFO HTTP Request: GET https://pickleball.com/api/v2/results/getResultsMatchupData?matchupId=9b98072c-079b-403f-82c3-8b4dd23f264e "HTTP/1.1 200 OK"
INFO HTTP Request: GET https://pickleball.com/api/v2/results/getResultsMatchupData?matchupId=01fb2c30-9d6e-4981-9c31-d2292d13bbce "HTTP/1.1 200 OK"
INFO HTTP Request: GET https://pickleball.com/api/v2/results/getResultsMatchupData?matchupId=fb7dfc22-d2bc-4e1d-8d18-6dea3e1de532 "HTTP/1.1 200 OK"
INFO HTTP Request: GET https://pickleball.com/api/v2/results/getResultsMatchupData?matchupId=80bf7078-39e2-4198-a455-864b52ecdb45 "HTTP/1.1 200 OK"
INFO HTTP Request: GET https://pickleball.com/api/v2/results/getResultsMatchupData?matchupId=c86776db-59c6-49ef-900e-3eeed9e38bbc "HTTP/1.1 200 OK"
INFO HTTP Request: GET https://pickleball.com/api/v2/results/getResultsMatchupData?matchupId=471d8438-0be6-4e26-8e7c-c530113e3b85 "HTTP/1.1 200 OK"
INFO HTTP Request: GET https://pickleball.com/api/v2/results/getResultsMatchupData?matchupId=43e8a929-4585-4e09-84bf-69ffe4acf893 "HTTP/1.1 200 OK"
INFO HTTP Request: GET https://pickleball.com/api/v2/results/getResultsMatchupData?matchupId=a47a32eb-3fc0-48ce-874e-eb62f975297b "HTTP/1.1 200 OK"
INFO HTTP Request: GET https://pickleball.com/api/v2/results/getResultsMatchupData?matchupId=dc77d94b-1806-4fc3-82e4-8eff2fcc365d "HTTP/1.1 200 OK"
INFO HTTP Request: GET https://pickleball.com/api/v2/results/getResultsMatchupData?matchupId=d0fe683d-1470-4b9f-b784-328ad775ec9e "HTTP/1.1 200 OK"
INFO HTTP Request: GET https://pickleball.com/api/v2/results/getResultsMatchupData?matchupId=766aa65e-2710-409d-bba0-f3d32cde33f5 "HTTP/1.1 200 OK"
INFO HTTP Request: GET https://pickleball.com/api/v2/results/getResultsMatchupData?matchupId=77d62a2f-f3a1-46be-9f01-69d7c7ec866f "HTTP/1.1 200 OK"
INFO HTTP Request: GET https://pickleball.com/api/v2/results/getResultsMatchupData?matchupId=88ab33ce-1d2d-40ae-a6ef-4192c64e627c "HTTP/1.1 200 OK"
INFO MLP 2026-07-09 Edward Jones Mid-Season Tournament: 13 matchups
INFO HTTP Request: GET https://pickleball.com/api/v1/results/getTournamentsOnDate?date=2026-07-10 "HTTP/1.1 200 OK"
INFO HTTP Request: GET https://pickleball.com/api/v1/results/getListActiveEventsFlatGroup?tournamentId=8a42079a-ede4-4c14-b296-37e5ae18c7fe&date=2026-07-10 "HTTP/1.1 200 OK"
INFO HTTP Request: GET https://pickleball.com/api/v2/results/getTeamLeaguesResultsOnDate?date=2026-07-10 "HTTP/1.1 200 OK"
INFO HTTP Request: GET https://pickleball.com/api/v2/results/getTeamLeaguesMatchupsShortOnDivision?teamLeagueId=2f129d1d-0202-4d55-8448-bfafc0872305&organizationId=f6f5296b-b9a6-4d25-a295-29f461de56d2&divisionId=604fc525-83ab-4548-8edd-e16d51aaa457&seasonId=d80c0098-1389-43aa-b41d-c1d9cd500a5a&districtId=aa57ecdf-9fa9-499b-ab4a-59a243f14358&date=2026-07-10&matchupGroupUuid=7c8e927f-13f3-4073-8871-4aaeb68d511b "HTTP/1.1 200 OK"
INFO HTTP Request: GET https://pickleball.com/api/v2/results/getResultsMatchupData?matchupId=b18b0f17-bcc7-45c3-88a5-312c62113f17 "HTTP/1.1 200 OK"
INFO HTTP Request: GET https://pickleball.com/api/v2/results/getResultsMatchupData?matchupId=0ed9ef85-08bb-41ec-8af8-0b408a5ca653 "HTTP/1.1 200 OK"
INFO HTTP Request: GET https://pickleball.com/api/v2/results/getResultsMatchupData?matchupId=7987df7a-ffa8-40a2-8d9d-9246c623e465 "HTTP/1.1 200 OK"
INFO HTTP Request: GET https://pickleball.com/api/v2/results/getResultsMatchupData?matchupId=de5cd735-acd2-418d-93b1-3dfaf462b0d5 "HTTP/1.1 200 OK"
INFO HTTP Request: GET https://pickleball.com/api/v2/results/getResultsMatchupData?matchupId=b947262b-2013-44dd-8a58-d191c27a2134 "HTTP/1.1 200 OK"
INFO HTTP Request: GET https://pickleball.com/api/v2/results/getResultsMatchupData?matchupId=8691162f-5074-4b1f-8fde-198ecbc51a19 "HTTP/1.1 200 OK"
INFO HTTP Request: GET https://pickleball.com/api/v2/results/getResultsMatchupData?matchupId=0c369bf1-120d-4d73-8667-da4d95c1d980 "HTTP/1.1 200 OK"
INFO HTTP Request: GET https://pickleball.com/api/v2/results/getResultsMatchupData?matchupId=d393d638-2ff9-4745-a565-24e51ef20b8c "HTTP/1.1 200 OK"
INFO HTTP Request: GET https://pickleball.com/api/v2/results/getResultsMatchupData?matchupId=2b87814b-6747-4698-94ba-98420faf7013 "HTTP/1.1 200 OK"
INFO HTTP Request: GET https://pickleball.com/api/v2/results/getResultsMatchupData?matchupId=3d336b4d-3b58-4c66-9ca2-4fd904a6c224 "HTTP/1.1 200 OK"
INFO MLP 2026-07-10 Edward Jones Mid-Season Tournament: 10 matchups
INFO HTTP Request: GET https://pickleball.com/api/v1/results/getTournamentsOnDate?date=2026-07-11 "HTTP/1.1 200 OK"
INFO HTTP Request: GET https://pickleball.com/api/v1/results/getListActiveEventsFlatGroup?tournamentId=8a42079a-ede4-4c14-b296-37e5ae18c7fe&date=2026-07-11 "HTTP/1.1 200 OK"
INFO HTTP Request: GET https://pickleball.com/api/v1/results/getListActiveEventsFlatGroup?tournamentId=82439352-3682-4390-a9f6-61881d4810c4&date=2026-07-11 "HTTP/1.1 200 OK"
INFO HTTP Request: GET https://pickleball.com/api/v2/results/getTeamLeaguesResultsOnDate?date=2026-07-11 "HTTP/1.1 200 OK"
INFO HTTP Request: GET https://pickleball.com/api/v2/results/getTeamLeaguesMatchupsShortOnDivision?teamLeagueId=2f129d1d-0202-4d55-8448-bfafc0872305&organizationId=f6f5296b-b9a6-4d25-a295-29f461de56d2&divisionId=604fc525-83ab-4548-8edd-e16d51aaa457&seasonId=d80c0098-1389-43aa-b41d-c1d9cd500a5a&districtId=aa57ecdf-9fa9-499b-ab4a-59a243f14358&date=2026-07-11&matchupGroupUuid=7c8e927f-13f3-4073-8871-4aaeb68d511b "HTTP/1.1 200 OK"
INFO HTTP Request: GET https://pickleball.com/api/v2/results/getResultsMatchupData?matchupId=d5351e09-5a7b-411a-99b0-80ea7dbc8728 "HTTP/1.1 200 OK"
INFO HTTP Request: GET https://pickleball.com/api/v2/results/getResultsMatchupData?matchupId=5d1d5be1-ca87-4b14-adb6-4c6f4ea7556a "HTTP/1.1 200 OK"
INFO HTTP Request: GET https://pickleball.com/api/v2/results/getResultsMatchupData?matchupId=999e231d-b4d9-4575-b059-1e8ba8b29a29 "HTTP/1.1 200 OK"
INFO HTTP Request: GET https://pickleball.com/api/v2/results/getResultsMatchupData?matchupId=7d852b01-61cf-4867-948a-b7e57f21d0f8 "HTTP/1.1 200 OK"
INFO HTTP Request: GET https://pickleball.com/api/v2/results/getResultsMatchupData?matchupId=007a1952-4d7f-45bf-a792-ac9b04d1fd7c "HTTP/1.1 200 OK"
INFO HTTP Request: GET https://pickleball.com/api/v2/results/getResultsMatchupData?matchupId=ebc7a48c-e8cd-48da-a31b-9d50ed5a2d4e "HTTP/1.1 200 OK"
INFO HTTP Request: GET https://pickleball.com/api/v2/results/getResultsMatchupData?matchupId=126cdd68-80a3-4756-9df7-aba250b92fb6 "HTTP/1.1 200 OK"
INFO HTTP Request: GET https://pickleball.com/api/v2/results/getResultsMatchupData?matchupId=c27ad0fa-15e7-473c-b062-dc51a888699a "HTTP/1.1 200 OK"
INFO MLP 2026-07-11 Edward Jones Mid-Season Tournament: 8 matchups
INFO HTTP Request: GET https://pickleball.com/api/v1/results/getTournamentsOnDate?date=2026-07-12 "HTTP/1.1 200 OK"
INFO HTTP Request: GET https://pickleball.com/api/v1/results/getListActiveEventsFlatGroup?tournamentId=e9566975-c513-46f7-850d-43e3f2e91675&date=2026-07-12 "HTTP/1.1 200 OK"
INFO HTTP Request: GET https://pickleball.com/api/v1/results/getListActiveEventsFlatGroup?tournamentId=8a42079a-ede4-4c14-b296-37e5ae18c7fe&date=2026-07-12 "HTTP/1.1 200 OK"
INFO HTTP Request: GET https://pickleball.com/api/v1/results/getListActiveEventsFlatGroup?tournamentId=82439352-3682-4390-a9f6-61881d4810c4&date=2026-07-12 "HTTP/1.1 200 OK"
INFO HTTP Request: GET https://pickleball.com/api/v2/results/getTeamLeaguesResultsOnDate?date=2026-07-12 "HTTP/1.1 200 OK"
INFO HTTP Request: GET https://pickleball.com/api/v2/results/getTeamLeaguesMatchupsShortOnDivision?teamLeagueId=2f129d1d-0202-4d55-8448-bfafc0872305&organizationId=f6f5296b-b9a6-4d25-a295-29f461de56d2&divisionId=604fc525-83ab-4548-8edd-e16d51aaa457&seasonId=d80c0098-1389-43aa-b41d-c1d9cd500a5a&districtId=aa57ecdf-9fa9-499b-ab4a-59a243f14358&date=2026-07-12&matchupGroupUuid=7c8e927f-13f3-4073-8871-4aaeb68d511b "HTTP/1.1 200 OK"
INFO HTTP Request: GET https://pickleball.com/api/v2/results/getResultsMatchupData?matchupId=f941abb6-c615-430f-bd78-7d4e7b95602f "HTTP/1.1 200 OK"
INFO HTTP Request: GET https://pickleball.com/api/v2/results/getResultsMatchupData?matchupId=00f0a598-8cd9-4808-aa6d-f58b1fcab8cc "HTTP/1.1 200 OK"
INFO HTTP Request: GET https://pickleball.com/api/v2/results/getResultsMatchupData?matchupId=e43812df-2746-4cfb-8290-fb5e68344f08 "HTTP/1.1 200 OK"
INFO HTTP Request: GET https://pickleball.com/api/v2/results/getResultsMatchupData?matchupId=41f4b412-65fb-4a71-862e-1dc6e896a010 "HTTP/1.1 200 OK"
INFO HTTP Request: GET https://pickleball.com/api/v2/results/getResultsMatchupData?matchupId=c81177b9-5e43-4eed-a7a9-0a537be09ff0 "HTTP/1.1 200 OK"
INFO MLP 2026-07-12 Edward Jones Mid-Season Tournament: 5 matchups
INFO done: 63 network calls, 17 cache hits
INFO PPA tournaments harvested: 0 | MLP matchups harvested: 44
